#
# A fatal error has been detected by the Java Runtime Environment:
#
#  SIGBUS (0xa) at pc=0x0000000106e5a0b7, pid=21046, tid=20247
#
# JRE version: Java(TM) SE Runtime Environment (7.0_51-b13) (build 1.7.0_51-b13)
# Java VM: Java HotSpot(TM) 64-Bit Server VM (24.51-b03 mixed mode bsd-amd64 compressed oops)
# Problematic frame:
# C  [libzip.dylib+0x30b7]  newEntry+0x154
#
# Failed to write core dump. Core dumps have been disabled. To enable core dumping, try "ulimit -c unlimited" before starting Java again
#
# If you would like to submit a bug report, please visit:
#   http://bugreport.sun.com/bugreport/crash.jsp
# The crash happened outside the Java Virtual Machine in native code.
# See problematic frame for where to report the bug.
#

---------------  T H R E A D  ---------------

Current thread (0x00007ff6a203d800):  JavaThread "Thread-12" [_thread_in_native, id=20247, stack(0x000000019779e000,0x000000019789e000)]

siginfo:si_signo=SIGBUS: si_errno=0, si_code=2 (BUS_ADRERR), si_addr=0x0000000196052b09

Registers:
RAX=0x00007ff6a12198d0, RBX=0x0000000196052afd, RCX=0x0000000000000d01, RDX=0x0000000000000400
RSP=0x000000019789b7d0, RBP=0x000000019789b830, RSI=0x00007ff6a1400000, RDI=0x00000001060f5e00
R8 =0x0000000000000004, R9 =0x000000000000000a, R10=0x0000000000000050, R11=0x0000000000000004
R12=0x0000000000015760, R13=0x00007ff6a2056200, R14=0x00007ff6a12198d0, R15=0x00007ff6a044ca00
RIP=0x0000000106e5a0b7, EFLAGS=0x0000000000010202, ERR=0x0000000000000004
  TRAPNO=0x000000000000000e

Top of Stack: (sp=0x000000019789b7d0)
0x000000019789b7d0:   000000019789bc20 0000000000000000
0x000000019789b7e0:   0000000000000000 726f000000000001
0x000000019789b7f0:   000000019789b810 00007ff6a12198d0
0x000000019789b800:   00007ff6a14d0050 000000009ac6435b
0x000000019789b810:   0000000000015760 00007ff6a2056200
0x000000019789b820:   00007ff6a12198d0 00007ff6a044ca00
0x000000019789b830:   000000019789b880 0000000106e5a725
0x000000019789b840:   000000000000002b 0000002ba203d800
0x000000019789b850:   000000019789b89e 000000019789bce8
0x000000019789b860:   000000000000002b 000000019789b89e
0x000000019789b870:   00007ff6a12198d0 00007ff6a203d9e8
0x000000019789b880:   000000019789bcd0 0000000106e59570
0x000000019789b890:   00007ff6a140ab2c 726f000000000001
0x000000019789b8a0:   7370696c63652f67 2f797474656a2f65
0x000000019789b8b0:   7475462f6c697475 626c6c6143657275
0x000000019789b8c0:   73616c632e6b6361 0000000000000073
0x000000019789b8d0:   0000000000000000 0000000000000000
0x000000019789b8e0:   000000000af103a0 00000000000004dc
0x000000019789b8f0:   000000010678a31b 000000010678a304
0x000000019789b900:   fffffffb4d555458 000000000000007a
0x000000019789b910:   00000004a12a8728 000000019789bf58
0x000000019789b920:   000000009789b970 000000010678a31b
0x000000019789b930:   00007fff74c2d788 00007ff6a12a8744
0x000000019789b940:   0000000000000000 0000000000000000
0x000000019789b950:   0000000000000001 0000000000000c00
0x000000019789b960:   0000000000000000 00007fff8adaf856
0x000000019789b970:   000000019789ba30 000000019789ba14
0x000000019789b980:   000000019789ba10 0000000000000000
0x000000019789b990:   00007ff6a203d800 000000019789ba00
0x000000019789b9a0:   00007ff6a14d1ce8 00000001647560d0
0x000000019789b9b0:   00000001647560f0 0000000164756180
0x000000019789b9c0:   00007ff60000000e 00007ff6a12a8700 

Instructions: (pc=0x0000000106e5a0b7)
0x0000000106e5a097:   49 8b 7f 38 e8 9c 1a 00 00 4d 89 77 38 49 89 5f
0x0000000106e5a0a7:   40 4c 89 f0 48 85 c0 0f 84 16 05 00 00 48 89 c3
0x0000000106e5a0b7:   0f b6 43 0c 0f b6 4b 0d 48 c1 e1 08 48 01 c1 0f
0x0000000106e5a0c7:   b6 43 0e 0f b6 53 0f 48 c1 e2 08 48 01 c2 48 c1 

Register to memory mapping:

RAX=0x00007ff6a12198d0 is an unknown value
RBX=0x0000000196052afd is an unknown value
RCX=0x0000000000000d01 is an unknown value
RDX=0x0000000000000400 is an unknown value
RSP=0x000000019789b7d0 is pointing into the stack for thread: 0x00007ff6a203d800
RBP=0x000000019789b830 is pointing into the stack for thread: 0x00007ff6a203d800
RSI=0x00007ff6a1400000 is an unknown value
RDI=0x00000001060f5e00 is an unknown value
R8 =0x0000000000000004 is an unknown value
R9 =0x000000000000000a is an unknown value
R10=0x0000000000000050 is an unknown value
R11=0x0000000000000004 is an unknown value
R12=0x0000000000015760 is an unknown value
R13=0x00007ff6a2056200 is an unknown value
R14=0x00007ff6a12198d0 is an unknown value
R15=0x00007ff6a044ca00 is an unknown value


Stack: [0x000000019779e000,0x000000019789e000],  sp=0x000000019789b7d0,  free space=1013k
Native frames: (J=compiled Java code, j=interpreted, Vv=VM code, C=native code)
C  [libzip.dylib+0x30b7]  newEntry+0x154
C  [libzip.dylib+0x3725]  ZIP_GetEntry+0xa2
C  [libzip.dylib+0x2570]  Java_java_util_zip_ZipFile_getEntry+0xdd
J  java.util.zip.ZipFile.getEntry(J[BZ)J

Java frames: (J=compiled Java code, j=interpreted, Vv=VM code)
J  java.util.zip.ZipFile.getEntry(J[BZ)J
J  java.util.jar.JarFile.getEntry(Ljava/lang/String;)Ljava/util/zip/ZipEntry;
J  sun.misc.URLClassPath.getResource(Ljava/lang/String;Z)Lsun/misc/Resource;
j  java.net.URLClassLoader$1.run()Ljava/lang/Class;+26
j  java.net.URLClassLoader$1.run()Ljava/lang/Object;+1
v  ~StubRoutines::call_stub
j  java.security.AccessController.doPrivileged(Ljava/security/PrivilegedExceptionAction;Ljava/security/AccessControlContext;)Ljava/lang/Object;+0
j  java.net.URLClassLoader.findClass(Ljava/lang/String;)Ljava/lang/Class;+13
j  java.lang.ClassLoader.loadClass(Ljava/lang/String;Z)Ljava/lang/Class;+70
j  sun.misc.Launcher$AppClassLoader.loadClass(Ljava/lang/String;Z)Ljava/lang/Class;+36
j  java.lang.ClassLoader.loadClass(Ljava/lang/String;)Ljava/lang/Class;+3
v  ~StubRoutines::call_stub
j  org.eclipse.jetty.server.AbstractConnector.shutdown()Ljava/util/concurrent/Future;+0
j  org.eclipse.jetty.server.AbstractNetworkConnector.shutdown()Ljava/util/concurrent/Future;+5
j  org.eclipse.jetty.server.ServerConnector.shutdown()Ljava/util/concurrent/Future;+1
j  org.eclipse.jetty.server.Server.doStop()V+60
j  org.eclipse.jetty.util.component.AbstractLifeCycle.stop()V+30
j  org.eclipse.jetty.util.thread.ShutdownThread.run()V+41
v  ~StubRoutines::call_stub

---------------  P R O C E S S  ---------------

Java Threads: ( => current thread )
=>0x00007ff6a203d800 JavaThread "Thread-12" [_thread_in_native, id=20247, stack(0x000000019779e000,0x000000019789e000)]
  0x00007ff6a182b800 JavaThread "SIGINT handler" daemon [_thread_blocked, id=18455, stack(0x00000001974c6000,0x00000001975c6000)]
  0x00007ff6a1892000 JavaThread "dw-admin-38" [_thread_blocked, id=34575, stack(0x000000019769b000,0x000000019779b000)]
  0x00007ff6a08c5800 JavaThread "Scheduler-127838603" [_thread_blocked, id=24327, stack(0x000000019596b000,0x0000000195a6b000)]
  0x00007ff6a28be800 JavaThread "dw-admin-28-acceptor-1-admin@9f9afd2{HTTP/1.1}{0.0.0.0:8081}" [_thread_in_native, id=33539, stack(0x00000001973c3000,0x00000001974c3000)]
  0x00007ff6a0813000 JavaThread "DestroyJavaVM" [_thread_blocked, id=3847, stack(0x0000000106c8b000,0x0000000106d8b000)]
  0x00007ff6a185e000 JavaThread "dw-admin-26-acceptor-0-admin@9f9afd2{HTTP/1.1}{0.0.0.0:8081}" [_thread_blocked, id=33027, stack(0x00000001972c0000,0x00000001973c0000)]
  0x00007ff6a1806800 JavaThread "dw-admin-25-selector-3" [_thread_in_native, id=32515, stack(0x00000001971bd000,0x00000001972bd000)]
  0x00007ff6a28fa800 JavaThread "dw-admin-24-selector-2" [_thread_in_native, id=32003, stack(0x00000001970ba000,0x00000001971ba000)]
  0x00007ff6a18bd800 JavaThread "dw-admin-23-selector-1" [_thread_in_native, id=31491, stack(0x0000000196fb7000,0x00000001970b7000)]
  0x00007ff6a28c3800 JavaThread "dw-admin-22-selector-0" [_thread_in_native, id=30979, stack(0x0000000196e6d000,0x0000000196f6d000)]
  0x00007ff6a20cb000 JavaThread "dw-19" [_thread_blocked, id=30467, stack(0x0000000196d6a000,0x0000000196e6a000)]
  0x00007ff6a20ca000 JavaThread "dw-18" [_thread_blocked, id=29955, stack(0x0000000196c67000,0x0000000196d67000)]
  0x00007ff6a20c9800 JavaThread "dw-17" [_thread_blocked, id=29443, stack(0x0000000196b64000,0x0000000196c64000)]
  0x00007ff6a20c8800 JavaThread "dw-16" [_thread_blocked, id=28931, stack(0x0000000196a61000,0x0000000196b61000)]
  0x00007ff6a20c8000 JavaThread "dw-15-selector-3" [_thread_in_native, id=28419, stack(0x000000019695e000,0x0000000196a5e000)]
  0x00007ff6a20c7000 JavaThread "dw-14-selector-2" [_thread_in_native, id=27907, stack(0x000000019685b000,0x000000019695b000)]
  0x00007ff6a2170800 JavaThread "dw-13-selector-1" [_thread_in_native, id=27395, stack(0x0000000196758000,0x0000000196858000)]
  0x00007ff6a216f800 JavaThread "dw-12-selector-0" [_thread_in_native, id=26883, stack(0x0000000196655000,0x0000000196755000)]
  0x00007ff6a2175000 JavaThread "DateCache" daemon [_thread_blocked, id=26371, stack(0x0000000196552000,0x0000000196652000)]
  0x00007ff6a2a1d000 JavaThread "async-console-appender-2" [_thread_blocked, id=25859, stack(0x000000019644f000,0x000000019654f000)]
  0x00007ff6a1857000 JavaThread "async-console-appender-1" [_thread_blocked, id=24071, stack(0x000000019634c000,0x000000019644c000)]
  0x00007ff6a202a000 JavaThread "Service Thread" daemon [_thread_blocked, id=23043, stack(0x0000000195d7c000,0x0000000195e7c000)]
  0x00007ff6a2029000 JavaThread "C2 CompilerThread1" daemon [_thread_blocked, id=22531, stack(0x0000000195c79000,0x0000000195d79000)]
  0x00007ff6a2021800 JavaThread "C2 CompilerThread0" daemon [_thread_blocked, id=22019, stack(0x0000000195b76000,0x0000000195c76000)]
  0x00007ff6a2001800 JavaThread "Signal Dispatcher" daemon [_thread_blocked, id=21507, stack(0x0000000195a73000,0x0000000195b73000)]
  0x00007ff6a2009000 JavaThread "Finalizer" daemon [_thread_blocked, id=16899, stack(0x000000019582f000,0x000000019592f000)]
  0x00007ff6a2006800 JavaThread "Reference Handler" daemon [_thread_blocked, id=16387, stack(0x000000019572c000,0x000000019582c000)]

Other Threads:
  0x00007ff6a283f000 VMThread [stack: 0x0000000195629000,0x0000000195729000] [id=15875]
  0x00007ff6a200a800 WatcherThread [stack: 0x0000000195e7f000,0x0000000195f7f000] [id=23555]

VM state:not at safepoint (normal execution)

VM Mutex/Monitor currently owned by a thread: None

Heap
 PSYoungGen      total 38912K, used 6453K [0x0000000164700000, 0x0000000167200000, 0x000000018f200000)
  eden space 33792K, 4% used [0x0000000164700000,0x00000001648555a0,0x0000000166800000)
  from space 5120K, 99% used [0x0000000166800000,0x0000000166cf8060,0x0000000166d00000)
  to   space 5120K, 0% used [0x0000000166d00000,0x0000000166d00000,0x0000000167200000)
 ParOldGen       total 87040K, used 6654K [0x000000010f200000, 0x0000000114700000, 0x0000000164700000)
  object space 87040K, 7% used [0x000000010f200000,0x000000010f87f948,0x0000000114700000)
 PSPermGen       total 21504K, used 19822K [0x000000010a000000, 0x000000010b500000, 0x000000010f200000)
  object space 21504K, 92% used [0x000000010a000000,0x000000010b35b888,0x000000010b500000)

Card table byte_map: [0x000000018f200000,0x000000018f62a000] byte_map_base: 0x000000018e9b0000

Polling page: 0x0000000106dca000

Code Cache  [0x0000000106e60000, 0x00000001070d0000, 0x0000000109e60000)
 total_blobs=606 nmethods=271 adapters=289 free_code_cache=48237Kb largest_free_block=49358592

Compilation events (10 events):
Event: 537.450 Thread 0x00007ff6a2021800  281             io.dropwizard.util.Duration::getQuantity (5 bytes)
Event: 537.450 Thread 0x00007ff6a2021800 nmethod 281 0x0000000106f4a2d0 code [0x0000000106f4a400, 0x0000000106f4a458]
Event: 540.475 Thread 0x00007ff6a2029000  282             org.eclipse.jetty.util.ConcurrentArrayBlockingQueue::drainTo (51 bytes)
Event: 540.479 Thread 0x00007ff6a2029000 nmethod 282 0x0000000106edbb50 code [0x0000000106edbce0, 0x0000000106edc038]
Event: 545.518 Thread 0x00007ff6a2021800  283             java.util.concurrent.locks.AbstractQueuedSynchronizer::compareAndSetTail (13 bytes)
Event: 545.518 Thread 0x00007ff6a2021800 nmethod 283 0x0000000106f4a090 code [0x0000000106f4a1c0, 0x0000000106f4a258]
Event: 546.557 Thread 0x00007ff6a2029000  284             java.util.concurrent.locks.AbstractQueuedSynchronizer::enq (58 bytes)
Event: 546.558 Thread 0x00007ff6a2029000 nmethod 284 0x0000000106f49d50 code [0x0000000106f49ea0, 0x0000000106f49fb8]
Event: 683.983 Thread 0x00007ff6a2021800  285             com.google.common.collect.Queues::drain (91 bytes)
Event: 683.989 Thread 0x00007ff6a2021800 nmethod 285 0x0000000106f4a950 code [0x0000000106f4ab20, 0x0000000106f4b0a8]

GC Heap History (6 events):
Event: 1.293 GC heap before
{Heap before GC invocations=1 (full 0):
 PSYoungGen      total 38912K, used 33792K [0x0000000164700000, 0x0000000167200000, 0x000000018f200000)
  eden space 33792K, 100% used [0x0000000164700000,0x0000000166800000,0x0000000166800000)
  from space 5120K, 0% used [0x0000000166d00000,0x0000000166d00000,0x0000000167200000)
  to   space 5120K, 0% used [0x0000000166800000,0x0000000166800000,0x0000000166d00000)
 ParOldGen       total 87040K, used 0K [0x000000010f200000, 0x0000000114700000, 0x0000000164700000)
  object space 87040K, 0% used [0x000000010f200000,0x000000010f200000,0x0000000114700000)
 PSPermGen       total 21504K, used 12644K [0x000000010a000000, 0x000000010b500000, 0x000000010f200000)
  object space 21504K, 58% used [0x000000010a000000,0x000000010ac59380,0x000000010b500000)
Event: 1.301 GC heap after
Heap after GC invocations=1 (full 0):
 PSYoungGen      total 38912K, used 5103K [0x0000000164700000, 0x0000000167200000, 0x000000018f200000)
  eden space 33792K, 0% used [0x0000000164700000,0x0000000164700000,0x0000000166800000)
  from space 5120K, 99% used [0x0000000166800000,0x0000000166cfbf80,0x0000000166d00000)
  to   space 5120K, 0% used [0x0000000166d00000,0x0000000166d00000,0x0000000167200000)
 ParOldGen       total 87040K, used 2549K [0x000000010f200000, 0x0000000114700000, 0x0000000164700000)
  object space 87040K, 2% used [0x000000010f200000,0x000000010f47d7b8,0x0000000114700000)
 PSPermGen       total 21504K, used 12644K [0x000000010a000000, 0x000000010b500000, 0x000000010f200000)
  object space 21504K, 58% used [0x000000010a000000,0x000000010ac59380,0x000000010b500000)
}
Event: 2.013 GC heap before
{Heap before GC invocations=2 (full 0):
 PSYoungGen      total 38912K, used 38895K [0x0000000164700000, 0x0000000167200000, 0x000000018f200000)
  eden space 33792K, 100% used [0x0000000164700000,0x0000000166800000,0x0000000166800000)
  from space 5120K, 99% used [0x0000000166800000,0x0000000166cfbf80,0x0000000166d00000)
  to   space 5120K, 0% used [0x0000000166d00000,0x0000000166d00000,0x0000000167200000)
 ParOldGen       total 87040K, used 2549K [0x000000010f200000, 0x0000000114700000, 0x0000000164700000)
  object space 87040K, 2% used [0x000000010f200000,0x000000010f47d7b8,0x0000000114700000)
 PSPermGen       total 21504K, used 17914K [0x000000010a000000, 0x000000010b500000, 0x000000010f200000)
  object space 21504K, 83% used [0x000000010a000000,0x000000010b17e940,0x000000010b500000)
Event: 2.023 GC heap after
Heap after GC invocations=2 (full 0):
 PSYoungGen      total 38912K, used 5107K [0x0000000164700000, 0x0000000169300000, 0x000000018f200000)
  eden space 33792K, 0% used [0x0000000164700000,0x0000000164700000,0x0000000166800000)
  from space 5120K, 99% used [0x0000000166d00000,0x00000001671fce00,0x0000000167200000)
  to   space 5120K, 0% used [0x0000000166800000,0x0000000166800000,0x0000000166d00000)
 ParOldGen       total 87040K, used 5529K [0x000000010f200000, 0x0000000114700000, 0x0000000164700000)
  object space 87040K, 6% used [0x000000010f200000,0x000000010f7664a0,0x0000000114700000)
 PSPermGen       total 21504K, used 17914K [0x000000010a000000, 0x000000010b500000, 0x000000010f200000)
  object space 21504K, 83% used [0x000000010a000000,0x000000010b17e940,0x000000010b500000)
}
Event: 692.806 GC heap before
{Heap before GC invocations=3 (full 0):
 PSYoungGen      total 38912K, used 38899K [0x0000000164700000, 0x0000000169300000, 0x000000018f200000)
  eden space 33792K, 100% used [0x0000000164700000,0x0000000166800000,0x0000000166800000)
  from space 5120K, 99% used [0x0000000166d00000,0x00000001671fce00,0x0000000167200000)
  to   space 5120K, 0% used [0x0000000166800000,0x0000000166800000,0x0000000166d00000)
 ParOldGen       total 87040K, used 5529K [0x000000010f200000, 0x0000000114700000, 0x0000000164700000)
  object space 87040K, 6% used [0x000000010f200000,0x000000010f7664a0,0x0000000114700000)
 PSPermGen       total 21504K, used 19820K [0x000000010a000000, 0x000000010b500000, 0x000000010f200000)
  object space 21504K, 92% used [0x000000010a000000,0x000000010b35b348,0x000000010b500000)
Event: 692.814 GC heap after
Heap after GC invocations=3 (full 0):
 PSYoungGen      total 38912K, used 5088K [0x0000000164700000, 0x0000000167200000, 0x000000018f200000)
  eden space 33792K, 0% used [0x0000000164700000,0x0000000164700000,0x0000000166800000)
  from space 5120K, 99% used [0x0000000166800000,0x0000000166cf8060,0x0000000166d00000)
  to   space 5120K, 0% used [0x0000000166d00000,0x0000000166d00000,0x0000000167200000)
 ParOldGen       total 87040K, used 6654K [0x000000010f200000, 0x0000000114700000, 0x0000000164700000)
  object space 87040K, 7% used [0x000000010f200000,0x000000010f87f948,0x0000000114700000)
 PSPermGen       total 21504K, used 19820K [0x000000010a000000, 0x000000010b500000, 0x000000010f200000)
  object space 21504K, 92% used [0x000000010a000000,0x000000010b35b348,0x000000010b500000)
}

Deoptimization events (10 events):
Event: 0.720 Thread 0x00007ff6a0813000 Uncommon trap: reason=class_check action=maybe_recompile pc=0x0000000106ec9298 method=java.lang.String.equals(Ljava/lang/Object;)Z @ 8
Event: 1.018 Thread 0x00007ff6a0813000 Uncommon trap: reason=unreached action=reinterpret pc=0x0000000106ee3b14 method=sun.misc.URLClassPath$JarLoader.ensureOpen()V @ 4
Event: 1.271 Thread 0x00007ff6a0813000 Uncommon trap: reason=class_check action=maybe_recompile pc=0x0000000106ec9298 method=java.lang.String.equals(Ljava/lang/Object;)Z @ 8
Event: 1.277 Thread 0x00007ff6a0813000 Uncommon trap: reason=class_check action=maybe_recompile pc=0x0000000106ec9298 method=java.lang.String.equals(Ljava/lang/Object;)Z @ 8
Event: 1.453 Thread 0x00007ff6a0813000 Uncommon trap: reason=unreached action=reinterpret pc=0x0000000106ef2b48 method=java.lang.AbstractStringBuilder.append(Ljava/lang/String;)Ljava/lang/AbstractStringBuilder; @ 1
Event: 1.453 Thread 0x00007ff6a0813000 Uncommon trap: reason=unreached action=reinterpret pc=0x0000000106ef0084 method=java.lang.AbstractStringBuilder.append(Ljava/lang/String;)Ljava/lang/AbstractStringBuilder; @ 1
Event: 1.994 Thread 0x00007ff6a0813000 Uncommon trap: reason=unreached action=reinterpret pc=0x0000000106f146f4 method=java.lang.Class.searchMethods([Ljava/lang/reflect/Method;Ljava/lang/String;[Ljava/lang/Class;)Ljava/lang/reflect/Method; @ 47
Event: 2.097 Thread 0x00007ff6a0813000 Uncommon trap: reason=unreached action=reinterpret pc=0x0000000106eff1dc method=java.lang.reflect.Method.equals(Ljava/lang/Object;)Z @ 49
Event: 2.174 Thread 0x00007ff6a0813000 Uncommon trap: reason=null_check action=make_not_entrant pc=0x0000000106f31fe8 method=sun.reflect.Reflection.filterMethods(Ljava/lang/Class;[Ljava/lang/reflect/Method;)[Ljava/lang/reflect/Method; @ 18
Event: 321.369 Thread 0x00007ff6a2175000 Uncommon trap: reason=range_check action=make_not_entrant pc=0x0000000106f3f844 method=java.text.SimpleDateFormat.format(Ljava/util/Date;Ljava/lang/StringBuffer;Ljava/text/Format$FieldDelegate;)Ljava/lang/StringBuffer; @ 48

Internal exceptions (10 events):
Event: 27.999 Thread 0x00007ff6a1892000 Threw 0x00000001663f3160 at /HUDSON/workspace/7u-2-build-macosx-x86_64/jdk7u51/527/hotspot/src/share/vm/prims/jvm.cpp:1244
Event: 27.999 Thread 0x00007ff6a1892000 Threw 0x00000001663f7ce8 at /HUDSON/workspace/7u-2-build-macosx-x86_64/jdk7u51/527/hotspot/src/share/vm/prims/jvm.cpp:1244
Event: 27.999 Thread 0x00007ff6a1892000 Threw 0x00000001663fd1b0 at /HUDSON/workspace/7u-2-build-macosx-x86_64/jdk7u51/527/hotspot/src/share/vm/prims/jvm.cpp:1244
Event: 28.000 Thread 0x00007ff6a1892000 Threw 0x0000000166405970 at /HUDSON/workspace/7u-2-build-macosx-x86_64/jdk7u51/527/hotspot/src/share/vm/prims/jvm.cpp:1244
Event: 28.000 Thread 0x00007ff6a1892000 Threw 0x000000016640a2a0 at /HUDSON/workspace/7u-2-build-macosx-x86_64/jdk7u51/527/hotspot/src/share/vm/prims/jvm.cpp:1244
Event: 28.001 Thread 0x00007ff6a1892000 Threw 0x000000016640f560 at /HUDSON/workspace/7u-2-build-macosx-x86_64/jdk7u51/527/hotspot/src/share/vm/prims/jvm.cpp:1244
Event: 58.002 Thread 0x00007ff6a08c5800 Threw 0x00000001664305c0 at /HUDSON/workspace/7u-2-build-macosx-x86_64/jdk7u51/527/hotspot/src/share/vm/prims/jvm.cpp:1244
Event: 58.002 Thread 0x00007ff6a08c5800 Threw 0x0000000166433e68 at /HUDSON/workspace/7u-2-build-macosx-x86_64/jdk7u51/527/hotspot/src/share/vm/prims/jvm.cpp:1244
Event: 692.814 Thread 0x00007ff6a20c8800 Threw 0x00000001647a9168 at /HUDSON/workspace/7u-2-build-macosx-x86_64/jdk7u51/527/hotspot/src/share/vm/prims/jni.cpp:717
Event: 692.815 Thread 0x00007ff6a203d800 Threw 0x00000001647561d0 at /HUDSON/workspace/7u-2-build-macosx-x86_64/jdk7u51/527/hotspot/src/share/vm/prims/jvm.cpp:1244

Events (10 events):
Event: 692.815 loading class 0x00007ff6a1094e60 done
Event: 692.815 Executing VM operation: RevokeBias done
Event: 692.815 Executing VM operation: RevokeBias
Event: 692.815 Executing VM operation: RevokeBias done
Event: 692.815 Executing VM operation: RevokeBias
Event: 692.815 Executing VM operation: RevokeBias done
Event: 692.815 Executing VM operation: RevokeBias
Event: 692.815 Executing VM operation: RevokeBias done
Event: 692.815 Executing VM operation: RevokeBias
Event: 692.815 Executing VM operation: RevokeBias done


Dynamic libraries:
0x0000000003eb4000 	/System/Library/Frameworks/Cocoa.framework/Versions/A/Cocoa
0x0000000003eb4000 	/System/Library/Frameworks/Security.framework/Versions/A/Security
0x0000000003eb4000 	/System/Library/Frameworks/ApplicationServices.framework/Versions/A/ApplicationServices
0x0000000003eb4000 	/usr/lib/libz.1.dylib
0x0000000003eb4000 	/usr/lib/libSystem.B.dylib
0x0000000003eb4000 	/usr/lib/libobjc.A.dylib
0x0000000003eb4000 	/System/Library/Frameworks/CoreFoundation.framework/Versions/A/CoreFoundation
0x0000000003eb4000 	/System/Library/Frameworks/Foundation.framework/Versions/C/Foundation
0x0000000003eb4000 	/System/Library/Frameworks/AppKit.framework/Versions/C/AppKit
0x0000000003eb4000 	/System/Library/Frameworks/CoreData.framework/Versions/A/CoreData
0x0000000003eb4000 	/System/Library/PrivateFrameworks/RemoteViewServices.framework/Versions/A/RemoteViewServices
0x0000000003eb4000 	/System/Library/Frameworks/AudioToolbox.framework/Versions/A/AudioToolbox
0x0000000003eb4000 	/System/Library/Frameworks/AudioUnit.framework/Versions/A/AudioUnit
0x0000000003eb4000 	/System/Library/PrivateFrameworks/DataDetectorsCore.framework/Versions/A/DataDetectorsCore
0x0000000003eb4000 	/System/Library/PrivateFrameworks/DesktopServicesPriv.framework/Versions/A/DesktopServicesPriv
0x0000000003eb4000 	/System/Library/Frameworks/Carbon.framework/Versions/A/Frameworks/HIToolbox.framework/Versions/A/HIToolbox
0x0000000003eb4000 	/System/Library/Frameworks/QuartzCore.framework/Versions/A/QuartzCore
0x0000000003eb4000 	/System/Library/Frameworks/Carbon.framework/Versions/A/Frameworks/SpeechRecognition.framework/Versions/A/SpeechRecognition
0x0000000003eb4000 	/usr/lib/libauto.dylib
0x0000000003eb4000 	/usr/lib/libicucore.A.dylib
0x0000000003eb4000 	/usr/lib/libxml2.2.dylib
0x0000000003eb4000 	/System/Library/PrivateFrameworks/CoreUI.framework/Versions/A/CoreUI
0x0000000003eb4000 	/System/Library/Frameworks/CoreAudio.framework/Versions/A/CoreAudio
0x0000000003eb4000 	/System/Library/Frameworks/DiskArbitration.framework/Versions/A/DiskArbitration
0x0000000003eb4000 	/usr/lib/liblangid.dylib
0x0000000003eb4000 	/System/Library/PrivateFrameworks/MultitouchSupport.framework/Versions/A/MultitouchSupport
0x0000000003eb4000 	/System/Library/Frameworks/IOKit.framework/Versions/A/IOKit
0x0000000003eb4000 	/usr/lib/libDiagnosticMessagesClient.dylib
0x0000000003eb4000 	/System/Library/Frameworks/CoreServices.framework/Versions/A/CoreServices
0x0000000003eb4000 	/System/Library/PrivateFrameworks/PerformanceAnalysis.framework/Versions/A/PerformanceAnalysis
0x0000000003eb4000 	/System/Library/PrivateFrameworks/GenerationalStorage.framework/Versions/A/GenerationalStorage
0x0000000003eb4000 	/System/Library/Frameworks/OpenGL.framework/Versions/A/OpenGL
0x0000000003eb4000 	/System/Library/Frameworks/CoreText.framework/Versions/A/CoreText
0x0000000003eb4000 	/System/Library/Frameworks/ImageIO.framework/Versions/A/ImageIO
0x0000000003eb4000 	/System/Library/PrivateFrameworks/Backup.framework/Versions/A/Backup
0x0000000003eb4000 	/System/Library/Frameworks/CFNetwork.framework/Versions/A/CFNetwork
0x0000000003eb4000 	/System/Library/Frameworks/SystemConfiguration.framework/Versions/A/SystemConfiguration
0x0000000003eb4000 	/usr/lib/libCRFSuite.dylib
0x0000000003eb4000 	/System/Library/PrivateFrameworks/TCC.framework/Versions/A/TCC
0x0000000003eb4000 	/usr/lib/libc++.1.dylib
0x0000000003eb4000 	/usr/lib/libc++abi.dylib
0x0000000003eb4000 	/usr/lib/system/libcache.dylib
0x0000000003eb4000 	/usr/lib/system/libcommonCrypto.dylib
0x0000000003eb4000 	/usr/lib/system/libcompiler_rt.dylib
0x0000000003eb4000 	/usr/lib/system/libcopyfile.dylib
0x0000000003eb4000 	/usr/lib/system/libdispatch.dylib
0x0000000003eb4000 	/usr/lib/system/libdnsinfo.dylib
0x0000000003eb4000 	/usr/lib/system/libdyld.dylib
0x0000000003eb4000 	/usr/lib/system/libkeymgr.dylib
0x0000000003eb4000 	/usr/lib/system/liblaunch.dylib
0x0000000003eb4000 	/usr/lib/system/libmacho.dylib
0x0000000003eb4000 	/usr/lib/system/libquarantine.dylib
0x0000000003eb4000 	/usr/lib/system/libremovefile.dylib
0x0000000003eb4000 	/usr/lib/system/libsystem_blocks.dylib
0x0000000003eb4000 	/usr/lib/system/libsystem_c.dylib
0x0000000003eb4000 	/usr/lib/system/libsystem_dnssd.dylib
0x0000000003eb4000 	/usr/lib/system/libsystem_info.dylib
0x0000000003eb4000 	/usr/lib/system/libsystem_kernel.dylib
0x0000000003eb4000 	/usr/lib/system/libsystem_m.dylib
0x0000000003eb4000 	/usr/lib/system/libsystem_network.dylib
0x0000000003eb4000 	/usr/lib/system/libsystem_notify.dylib
0x0000000003eb4000 	/usr/lib/system/libsystem_sandbox.dylib
0x0000000003eb4000 	/usr/lib/system/libunc.dylib
0x0000000003eb4000 	/usr/lib/system/libunwind.dylib
0x0000000003eb4000 	/usr/lib/system/libxpc.dylib
0x0000000003eb4000 	/usr/lib/system/libcorecrypto.dylib
0x0000000003eb4000 	/usr/lib/libstdc++.6.dylib
0x0000000003eb4000 	/usr/lib/libbsm.0.dylib
0x0000000003eb4000 	/usr/lib/libsqlite3.dylib
0x0000000003eb4000 	/usr/lib/libxar.1.dylib
0x0000000003eb4000 	/usr/lib/libpam.2.dylib
0x0000000003eb4000 	/usr/lib/libOpenScriptingUtil.dylib
0x0000000003eb4000 	/usr/lib/libbz2.1.0.dylib
0x0000000003eb4000 	/System/Library/Frameworks/CoreServices.framework/Versions/A/Frameworks/CarbonCore.framework/Versions/A/CarbonCore
0x0000000003eb4000 	/System/Library/Frameworks/CoreServices.framework/Versions/A/Frameworks/Metadata.framework/Versions/A/Metadata
0x0000000003eb4000 	/System/Library/Frameworks/CoreServices.framework/Versions/A/Frameworks/OSServices.framework/Versions/A/OSServices
0x0000000003eb4000 	/System/Library/Frameworks/CoreServices.framework/Versions/A/Frameworks/SearchKit.framework/Versions/A/SearchKit
0x0000000003eb4000 	/System/Library/Frameworks/CoreServices.framework/Versions/A/Frameworks/AE.framework/Versions/A/AE
0x0000000003eb4000 	/System/Library/Frameworks/CoreServices.framework/Versions/A/Frameworks/LaunchServices.framework/Versions/A/LaunchServices
0x0000000003eb4000 	/System/Library/Frameworks/CoreServices.framework/Versions/A/Frameworks/DictionaryServices.framework/Versions/A/DictionaryServices
0x0000000003eb4000 	/System/Library/Frameworks/NetFS.framework/Versions/A/NetFS
0x0000000003eb4000 	/usr/lib/system/libkxld.dylib
0x0000000003eb4000 	/System/Library/PrivateFrameworks/NetAuth.framework/Versions/A/NetAuth
0x0000000003eb4000 	/System/Library/Frameworks/OpenDirectory.framework/Versions/A/Frameworks/CFOpenDirectory.framework/Versions/A/CFOpenDirectory
0x0000000003eb4000 	/usr/lib/libxslt.1.dylib
0x0000000003eb4000 	/System/Library/PrivateFrameworks/FamilyControls.framework/Versions/A/FamilyControls
0x0000000003eb4000 	/System/Library/Frameworks/Carbon.framework/Versions/A/Frameworks/Ink.framework/Versions/A/Ink
0x0000000003eb4000 	/System/Library/Frameworks/ApplicationServices.framework/Versions/A/Frameworks/CoreGraphics.framework/Versions/A/CoreGraphics
0x0000000003eb4000 	/System/Library/Frameworks/ApplicationServices.framework/Versions/A/Frameworks/ATS.framework/Versions/A/ATS
0x0000000003eb4000 	/System/Library/Frameworks/ApplicationServices.framework/Versions/A/Frameworks/ColorSync.framework/Versions/A/ColorSync
0x0000000003eb4000 	/System/Library/Frameworks/ApplicationServices.framework/Versions/A/Frameworks/HIServices.framework/Versions/A/HIServices
0x0000000003eb4000 	/System/Library/Frameworks/ApplicationServices.framework/Versions/A/Frameworks/LangAnalysis.framework/Versions/A/LangAnalysis
0x0000000003eb4000 	/System/Library/Frameworks/ApplicationServices.framework/Versions/A/Frameworks/PrintCore.framework/Versions/A/PrintCore
0x0000000003eb4000 	/System/Library/Frameworks/ApplicationServices.framework/Versions/A/Frameworks/QD.framework/Versions/A/QD
0x0000000003eb4000 	/System/Library/Frameworks/ApplicationServices.framework/Versions/A/Frameworks/SpeechSynthesis.framework/Versions/A/SpeechSynthesis
0x0000000003eb4000 	/System/Library/Frameworks/IOSurface.framework/Versions/A/IOSurface
0x0000000003eb4000 	/System/Library/Frameworks/Accelerate.framework/Versions/A/Accelerate
0x0000000003eb4000 	/System/Library/Frameworks/ApplicationServices.framework/Versions/A/Frameworks/ATS.framework/Versions/A/Resources/libFontParser.dylib
0x0000000003eb4000 	/System/Library/Frameworks/ApplicationServices.framework/Versions/A/Frameworks/ATS.framework/Versions/A/Resources/libFontRegistry.dylib
0x0000000003eb4000 	/System/Library/Frameworks/Accelerate.framework/Versions/A/Frameworks/vImage.framework/Versions/A/vImage
0x0000000003eb4000 	/System/Library/Frameworks/Accelerate.framework/Versions/A/Frameworks/vecLib.framework/Versions/A/vecLib
0x0000000003eb4000 	/System/Library/Frameworks/Accelerate.framework/Versions/A/Frameworks/vecLib.framework/Versions/A/libvDSP.dylib
0x0000000003eb4000 	/System/Library/Frameworks/Accelerate.framework/Versions/A/Frameworks/vecLib.framework/Versions/A/libvMisc.dylib
0x0000000003eb4000 	/System/Library/Frameworks/Accelerate.framework/Versions/A/Frameworks/vecLib.framework/Versions/A/libLAPACK.dylib
0x0000000003eb4000 	/System/Library/Frameworks/Accelerate.framework/Versions/A/Frameworks/vecLib.framework/Versions/A/libBLAS.dylib
0x0000000003eb4000 	/System/Library/Frameworks/ImageIO.framework/Versions/A/Resources/libJPEG.dylib
0x0000000003eb4000 	/System/Library/Frameworks/ImageIO.framework/Versions/A/Resources/libTIFF.dylib
0x0000000003eb4000 	/System/Library/Frameworks/ImageIO.framework/Versions/A/Resources/libPng.dylib
0x0000000003eb4000 	/System/Library/Frameworks/ImageIO.framework/Versions/A/Resources/libGIF.dylib
0x0000000003eb4000 	/System/Library/Frameworks/ImageIO.framework/Versions/A/Resources/libJP2.dylib
0x0000000003eb4000 	/System/Library/Frameworks/ImageIO.framework/Versions/A/Resources/libRadiance.dylib
0x0000000003eb4000 	/usr/lib/libcups.2.dylib
0x0000000003eb4000 	/System/Library/Frameworks/Kerberos.framework/Versions/A/Kerberos
0x0000000003eb4000 	/System/Library/Frameworks/GSS.framework/Versions/A/GSS
0x0000000003eb4000 	/usr/lib/libresolv.9.dylib
0x0000000003eb4000 	/usr/lib/libiconv.2.dylib
0x0000000003eb4000 	/System/Library/PrivateFrameworks/Heimdal.framework/Versions/A/Heimdal
0x0000000003eb4000 	/System/Library/PrivateFrameworks/TrustEvaluationAgent.framework/Versions/A/TrustEvaluationAgent
0x0000000003eb4000 	/System/Library/Frameworks/OpenDirectory.framework/Versions/A/OpenDirectory
0x0000000003eb4000 	/System/Library/PrivateFrameworks/CommonAuth.framework/Versions/A/CommonAuth
0x0000000003eb4000 	/System/Library/PrivateFrameworks/Bom.framework/Versions/A/Bom
0x0000000003eb4000 	/System/Library/Frameworks/CoreVideo.framework/Versions/A/CoreVideo
0x0000000003eb4000 	/System/Library/Frameworks/QuartzCore.framework/Versions/A/Frameworks/CoreImage.framework/Versions/A/CoreImage
0x0000000003eb4000 	/System/Library/Frameworks/QuartzCore.framework/Versions/A/Frameworks/ScalableUserInterface.framework/Versions/A/ScalableUserInterface
0x0000000003eb4000 	/System/Library/Frameworks/OpenGL.framework/Versions/A/Libraries/libGLU.dylib
0x0000000003eb4000 	/System/Library/Frameworks/OpenGL.framework/Versions/A/Libraries/libGFXShared.dylib
0x0000000003eb4000 	/System/Library/Frameworks/OpenGL.framework/Versions/A/Libraries/libGL.dylib
0x0000000003eb4000 	/System/Library/Frameworks/OpenGL.framework/Versions/A/Libraries/libGLImage.dylib
0x0000000003eb4000 	/System/Library/Frameworks/OpenGL.framework/Versions/A/Libraries/libCVMSPluginSupport.dylib
0x0000000003eb4000 	/System/Library/Frameworks/OpenGL.framework/Versions/A/Libraries/libCoreVMClient.dylib
0x0000000003eb4000 	/System/Library/PrivateFrameworks/CrashReporterSupport.framework/Versions/A/CrashReporterSupport
0x0000000003eb4000 	/System/Library/Frameworks/OpenCL.framework/Versions/A/OpenCL
0x0000000003eb4000 	/System/Library/PrivateFrameworks/FaceCoreLight.framework/Versions/A/FaceCoreLight
0x0000000003eb4000 	/System/Library/PrivateFrameworks/AppleFSCompression.framework/Versions/A/AppleFSCompression
0x0000000003eb4000 	/System/Library/PrivateFrameworks/Ubiquity.framework/Versions/A/Ubiquity
0x0000000003eb4000 	/System/Library/Frameworks/ServiceManagement.framework/Versions/A/ServiceManagement
0x0000000003eb4000 	/System/Library/PrivateFrameworks/ChunkingLibrary.framework/Versions/A/ChunkingLibrary
0x0000000003eb4000 	/System/Library/Frameworks/vecLib.framework/Versions/A/vecLib
0x0000000003eb4000 	/System/Library/Frameworks/SecurityFoundation.framework/Versions/A/SecurityFoundation
0x0000000003eb4000 	/System/Library/PrivateFrameworks/CommerceKit.framework/Versions/A/Frameworks/CommerceCore.framework/Versions/A/CommerceCore
0x0000000003eb4000 	/System/Library/PrivateFrameworks/CoreSymbolication.framework/Versions/A/CoreSymbolication
0x0000000003eb4000 	/System/Library/PrivateFrameworks/Symbolication.framework/Versions/A/Symbolication
0x0000000003eb4000 	/System/Library/PrivateFrameworks/DebugSymbols.framework/Versions/A/DebugSymbols
0x0000000106237000 	/Library/Java/JavaVirtualMachines/jdk1.7.0_51.jdk/Contents/Home/jre/lib/server/libjvm.dylib
0x0000000106d8d000 	/Library/Java/JavaVirtualMachines/jdk1.7.0_51.jdk/Contents/Home/jre/lib/libverify.dylib
0x0000000106d9a000 	/Library/Java/JavaVirtualMachines/jdk1.7.0_51.jdk/Contents/Home/jre/lib/libjava.dylib
0x0000000106e57000 	/Library/Java/JavaVirtualMachines/jdk1.7.0_51.jdk/Contents/Home/jre/lib/libzip.dylib
0x0000000195931000 	/System/Library/Frameworks/JavaVM.framework/Frameworks/JavaRuntimeSupport.framework/JavaRuntimeSupport
0x0000000195949000 	/System/Library/Frameworks/JavaVM.framework/Versions/A/Frameworks/JavaNativeFoundation.framework/Versions/A/JavaNativeFoundation
0x0000000109f73000 	/System/Library/Frameworks/JavaVM.framework/Versions/A/JavaVM
0x0000000003eb4000 	/System/Library/Frameworks/Carbon.framework/Versions/A/Carbon
0x000000019595e000 	/System/Library/PrivateFrameworks/JavaLaunching.framework/Versions/A/JavaLaunching
0x0000000003eb4000 	/System/Library/Frameworks/Carbon.framework/Versions/A/Frameworks/CommonPanels.framework/Versions/A/CommonPanels
0x0000000003eb4000 	/System/Library/Frameworks/Carbon.framework/Versions/A/Frameworks/Help.framework/Versions/A/Help
0x0000000003eb4000 	/System/Library/Frameworks/Carbon.framework/Versions/A/Frameworks/ImageCapture.framework/Versions/A/ImageCapture
0x0000000003eb4000 	/System/Library/Frameworks/Carbon.framework/Versions/A/Frameworks/OpenScripting.framework/Versions/A/OpenScripting
0x0000000003eb4000 	/System/Library/Frameworks/Carbon.framework/Versions/A/Frameworks/Print.framework/Versions/A/Print
0x0000000003eb4000 	/System/Library/Frameworks/Carbon.framework/Versions/A/Frameworks/SecurityHI.framework/Versions/A/SecurityHI
0x0000000196088000 	/Library/Java/JavaVirtualMachines/jdk1.7.0_51.jdk/Contents/Home/jre/lib/libnet.dylib
0x000000019612a000 	/Library/Java/JavaVirtualMachines/jdk1.7.0_51.jdk/Contents/Home/jre/lib/libnio.dylib
0x00000001962b6000 	/Library/Java/JavaVirtualMachines/jdk1.7.0_51.jdk/Contents/Home/jre/lib/libmanagement.dylib

VM Arguments:
java_command: target/loganalyzer-0.0.1-SNAPSHOT.jar server configuration.yml
Launcher Type: SUN_STANDARD

Environment Variables:
PATH=/opt/local/bin:/opt/local/sbin:/usr/bin:/bin:/usr/sbin:/sbin:/usr/local/bin:/usr/local/git/bin
SHELL=/bin/bash

Signal Handlers:
SIGSEGV: [libjvm.dylib+0x525425], sa_mask[0]=0xfffefeff, sa_flags=0x00000043
SIGBUS: [libjvm.dylib+0x525425], sa_mask[0]=0xfffefeff, sa_flags=0x00000042
SIGFPE: [libjvm.dylib+0x41892a], sa_mask[0]=0xfffefeff, sa_flags=0x00000042
SIGPIPE: [libjvm.dylib+0x41892a], sa_mask[0]=0xfffefeff, sa_flags=0x00000042
SIGXFSZ: [libjvm.dylib+0x41892a], sa_mask[0]=0xfffefeff, sa_flags=0x00000042
SIGILL: [libjvm.dylib+0x41892a], sa_mask[0]=0xfffefeff, sa_flags=0x00000042
SIGUSR1: SIG_DFL, sa_mask[0]=0x63807efb, sa_flags=0x00000000
SIGUSR2: [libjvm.dylib+0x41841c], sa_mask[0]=0x00000000, sa_flags=0x00000042
SIGHUP: [libjvm.dylib+0x4166ab], sa_mask[0]=0xfffefeff, sa_flags=0x00000042
SIGINT: [libjvm.dylib+0x4166ab], sa_mask[0]=0xfffefeff, sa_flags=0x00000042
SIGTERM: [libjvm.dylib+0x4166ab], sa_mask[0]=0xfffefeff, sa_flags=0x00000042
SIGQUIT: [libjvm.dylib+0x4166ab], sa_mask[0]=0xfffefeff, sa_flags=0x00000042


---------------  S Y S T E M  ---------------

OS:Bsduname:Darwin 12.5.0 Darwin Kernel Version 12.5.0: Sun Sep 29 13:33:47 PDT 2013; root:xnu-2050.48.12~1/RELEASE_X86_64 x86_64
rlimit: STACK 8192k, CORE 0k, NPROC 709, NOFILE 10240, AS infinity
load average:3.20 3.07 2.99

CPU:total 4 (4 cores per cpu, 1 threads per core) family 6 model 42 stepping 7, cmov, cx8, fxsr, mmx, sse, sse2, sse3, ssse3, sse4.1, sse4.2, popcnt, avx, aes, tsc, tscinvbit

Memory: 4k page, physical 8388608k(2097152k free)

/proc/meminfo:


vm_info: Java HotSpot(TM) 64-Bit Server VM (24.51-b03) for bsd-amd64 JRE (1.7.0_51-b13), built on Dec 18 2013 18:45:56 by "java_re" with gcc 4.2.1 (Based on Apple Inc. build 5658) (LLVM build 2336.11.00)

time: Sat Mar 29 19:25:05 2014
elapsed time: 692 seconds

