#
# A fatal error has been detected by the Java Runtime Environment:
#
#  SIGBUS (0xa) at pc=0x00000001017a50b7, pid=19620, tid=20271
#
# JRE version: Java(TM) SE Runtime Environment (7.0_51-b13) (build 1.7.0_51-b13)
# Java VM: Java HotSpot(TM) 64-Bit Server VM (24.51-b03 mixed mode bsd-amd64 compressed oops)
# Problematic frame:
# C  [libzip.dylib+0x30b7]  newEntry+0x154
#
# Failed to write core dump. Core dumps have been disabled. To enable core dumping, try "ulimit -c unlimited" before starting Java again
#
# If you would like to submit a bug report, please visit:
#   http://bugreport.sun.com/bugreport/crash.jsp
# The crash happened outside the Java Virtual Machine in native code.
# See problematic frame for where to report the bug.
#

---------------  T H R E A D  ---------------

Current thread (0x00007ffeea8a5000):  JavaThread "Thread-12" [_thread_in_native, id=20271, stack(0x0000000191eef000,0x0000000191fef000)]

siginfo:si_signo=SIGBUS: si_errno=0, si_code=2 (BUS_ADRERR), si_addr=0x000000019099dc60

Registers:
RAX=0x00007ffee8c2e800, RBX=0x000000019099dc54, RCX=0x0000000000000a01, RDX=0x0000000000000000
RSP=0x0000000191fec730, RBP=0x0000000191fec790, RSI=0x00007ffee8c00000, RDI=0x0000000100a3fa00
R8 =0x0000000000000004, R9 =0x0000000000000003, R10=0x0000000000000000, R11=0x0000000000000004
R12=0x0000000000015780, R13=0x00007ffee9092600, R14=0x00007ffee8c2e800, R15=0x00007ffee9c50ad0
RIP=0x00000001017a50b7, EFLAGS=0x0000000000010202, ERR=0x0000000000000004
  TRAPNO=0x000000000000000e

Top of Stack: (sp=0x0000000191fec730)
0x0000000191fec730:   0000000191fecb80 00000000017a4570
0x0000000191fec740:   0000000000000000 726f000000000001
0x0000000191fec750:   0000000191fec770 00007ffee8c2e800
0x0000000191fec760:   00007ffee8caa3e0 000000009ac6435b
0x0000000191fec770:   0000000000015780 00007ffee9092600
0x0000000191fec780:   00007ffee8c2e800 00007ffee9c50ad0
0x0000000191fec790:   0000000191fec7e0 00000001017a5725
0x0000000191fec7a0:   000000000000002b 0000002bea8a5000
0x0000000191fec7b0:   0000000191fec7fe 0000000191fecc48
0x0000000191fec7c0:   000000000000002b 0000000191fec7fe
0x0000000191fec7d0:   00007ffee8c2e800 00007ffeea8a51e8
0x0000000191fec7e0:   0000000191fecc30 00000001017a4570
0x0000000191fec7f0:   0000000000000000 726f000000000001
0x0000000191fec800:   7370696c63652f67 2f797474656a2f65
0x0000000191fec810:   7475462f6c697475 626c6c6143657275
0x0000000191fec820:   73616c632e6b6361 0000000000000073
0x0000000191fec830:   0000000191feca88 00000001010d531b
0x0000000191fec840:   0000000000000000 00007ffee9013478
0x0000000191fec850:   0000000000000002 00000000fffffffc
0x0000000191fec860:   0000000191fecca0 00007fff8ae22ab1
0x0000000191fec870:   0000000000000000 0000000000000000
0x0000000191fec880:   0000000000000000 0000000191fecd88
0x0000000191fec890:   00007ffee98116fc 0000000000000000
0x0000000191fec8a0:   0000000000000000 0000000000000001
0x0000000191fec8b0:   000000000000007a 00007fff8ae3e4f0
0x0000000191fec8c0:   0000000000000000 0000000000000000
0x0000000191fec8d0:   0000000000000000 0000000000000000
0x0000000191fec8e0:   0000000005810d48 00000000000004dc
0x0000000191fec8f0:   00000001010d531b 00000001010d5304
0x0000000191fec900:   fffffffb91fec960 000000000000007a
0x0000000191fec910:   0000000491fecba8 0000000191fecf58
0x0000000191fec920:   0000000000000000 00000001010d531b 

Instructions: (pc=0x00000001017a50b7)
0x00000001017a5097:   49 8b 7f 38 e8 9c 1a 00 00 4d 89 77 38 49 89 5f
0x00000001017a50a7:   40 4c 89 f0 48 85 c0 0f 84 16 05 00 00 48 89 c3
0x00000001017a50b7:   0f b6 43 0c 0f b6 4b 0d 48 c1 e1 08 48 01 c1 0f
0x00000001017a50c7:   b6 43 0e 0f b6 53 0f 48 c1 e2 08 48 01 c2 48 c1 

Register to memory mapping:

RAX=0x00007ffee8c2e800 is an unknown value
RBX=0x000000019099dc54 is an unknown value
RCX=0x0000000000000a01 is an unknown value
RDX=0x0000000000000000 is an unknown value
RSP=0x0000000191fec730 is pointing into the stack for thread: 0x00007ffeea8a5000
RBP=0x0000000191fec790 is pointing into the stack for thread: 0x00007ffeea8a5000
RSI=0x00007ffee8c00000 is an unknown value
RDI=0x0000000100a3fa00 is an unknown value
R8 =0x0000000000000004 is an unknown value
R9 =0x0000000000000003 is an unknown value
R10=0x0000000000000000 is an unknown value
R11=0x0000000000000004 is an unknown value
R12=0x0000000000015780 is an unknown value
R13=0x00007ffee9092600 is an unknown value
R14=0x00007ffee8c2e800 is an unknown value
R15=0x00007ffee9c50ad0 is an unknown value


Stack: [0x0000000191eef000,0x0000000191fef000],  sp=0x0000000191fec730,  free space=1013k
Native frames: (J=compiled Java code, j=interpreted, Vv=VM code, C=native code)
C  [libzip.dylib+0x30b7]  newEntry+0x154
C  [libzip.dylib+0x3725]  ZIP_GetEntry+0xa2
C  [libzip.dylib+0x2570]  Java_java_util_zip_ZipFile_getEntry+0xdd
J  java.util.zip.ZipFile.getEntry(J[BZ)J

Java frames: (J=compiled Java code, j=interpreted, Vv=VM code)
J  java.util.zip.ZipFile.getEntry(J[BZ)J
J  java.util.jar.JarFile.getEntry(Ljava/lang/String;)Ljava/util/zip/ZipEntry;
J  sun.misc.URLClassPath$JarLoader.getResource(Ljava/lang/String;Z)Lsun/misc/Resource;
j  sun.misc.URLClassPath.getResource(Ljava/lang/String;Z)Lsun/misc/Resource;+53
j  java.net.URLClassLoader$1.run()Ljava/lang/Class;+26
j  java.net.URLClassLoader$1.run()Ljava/lang/Object;+1
v  ~StubRoutines::call_stub
j  java.security.AccessController.doPrivileged(Ljava/security/PrivilegedExceptionAction;Ljava/security/AccessControlContext;)Ljava/lang/Object;+0
j  java.net.URLClassLoader.findClass(Ljava/lang/String;)Ljava/lang/Class;+13
j  java.lang.ClassLoader.loadClass(Ljava/lang/String;Z)Ljava/lang/Class;+70
j  sun.misc.Launcher$AppClassLoader.loadClass(Ljava/lang/String;Z)Ljava/lang/Class;+36
j  java.lang.ClassLoader.loadClass(Ljava/lang/String;)Ljava/lang/Class;+3
v  ~StubRoutines::call_stub
j  org.eclipse.jetty.server.AbstractConnector.shutdown()Ljava/util/concurrent/Future;+0
j  org.eclipse.jetty.server.AbstractNetworkConnector.shutdown()Ljava/util/concurrent/Future;+5
j  org.eclipse.jetty.server.ServerConnector.shutdown()Ljava/util/concurrent/Future;+1
j  org.eclipse.jetty.server.Server.doStop()V+60
j  org.eclipse.jetty.util.component.AbstractLifeCycle.stop()V+30
j  org.eclipse.jetty.util.thread.ShutdownThread.run()V+41
v  ~StubRoutines::call_stub

---------------  P R O C E S S  ---------------

Java Threads: ( => current thread )
=>0x00007ffeea8a5000 JavaThread "Thread-12" [_thread_in_native, id=20271, stack(0x0000000191eef000,0x0000000191fef000)]
  0x00007ffee9081000 JavaThread "SIGINT handler" daemon [_thread_blocked, id=24367, stack(0x0000000190a62000,0x0000000190b62000)]
  0x00007ffee916b800 JavaThread "dw-admin-52" [_thread_blocked, id=34315, stack(0x0000000190b65000,0x0000000190c65000)]
  0x00007ffeea201000 JavaThread "Scheduler-1953414335" [_thread_blocked, id=34579, stack(0x00000001920c4000,0x00000001921c4000)]
  0x00007ffeeb034000 JavaThread "Scheduler-403242991" [_thread_blocked, id=17415, stack(0x00000001902b6000,0x00000001903b6000)]
  0x00007ffee911d000 JavaThread "dw-admin-28-acceptor-1-admin@79fdac27{HTTP/1.1}{0.0.0.0:8081}" [_thread_blocked, id=33539, stack(0x0000000191dec000,0x0000000191eec000)]
  0x00007ffeea832000 JavaThread "DestroyJavaVM" [_thread_blocked, id=3847, stack(0x00000001015d6000,0x00000001016d6000)]
  0x00007ffeea200000 JavaThread "dw-admin-26-acceptor-0-admin@79fdac27{HTTP/1.1}{0.0.0.0:8081}" [_thread_in_native, id=33027, stack(0x0000000191ce9000,0x0000000191de9000)]
  0x00007ffeea1f9000 JavaThread "dw-admin-25-selector-3" [_thread_in_native, id=32515, stack(0x0000000191be6000,0x0000000191ce6000)]
  0x00007ffeeb0b0800 JavaThread "dw-admin-24-selector-2" [_thread_in_native, id=32003, stack(0x0000000191ae3000,0x0000000191be3000)]
  0x00007ffeea1f8800 JavaThread "dw-admin-23-selector-1" [_thread_in_native, id=31491, stack(0x00000001919e0000,0x0000000191ae0000)]
  0x00007ffee916d800 JavaThread "dw-admin-22-selector-0" [_thread_in_native, id=30979, stack(0x00000001918dd000,0x00000001919dd000)]
  0x00007ffee916d000 JavaThread "dw-19" [_thread_blocked, id=30467, stack(0x00000001917da000,0x00000001918da000)]
  0x00007ffee90d9800 JavaThread "dw-18" [_thread_blocked, id=29955, stack(0x00000001916d7000,0x00000001917d7000)]
  0x00007ffeeb1b3000 JavaThread "dw-17" [_thread_blocked, id=29443, stack(0x00000001915d4000,0x00000001916d4000)]
  0x00007ffeeb1b2800 JavaThread "dw-16" [_thread_blocked, id=28931, stack(0x00000001914d1000,0x00000001915d1000)]
  0x00007ffeeb0b2800 JavaThread "dw-15-selector-3" [_thread_in_native, id=28419, stack(0x00000001913ce000,0x00000001914ce000)]
  0x00007ffeeb2a0000 JavaThread "dw-14-selector-2" [_thread_in_native, id=27907, stack(0x00000001912cb000,0x00000001913cb000)]
  0x00007ffeeb096000 JavaThread "dw-13-selector-1" [_thread_in_native, id=27395, stack(0x00000001911c8000,0x00000001912c8000)]
  0x00007ffeeb277000 JavaThread "dw-12-selector-0" [_thread_in_native, id=26883, stack(0x00000001910c5000,0x00000001911c5000)]
  0x00007ffeeb0d1800 JavaThread "DateCache" daemon [_thread_blocked, id=26371, stack(0x0000000190fc2000,0x00000001910c2000)]
  0x00007ffeeb256000 JavaThread "async-console-appender-2" [_thread_blocked, id=25859, stack(0x0000000190ebf000,0x0000000190fbf000)]
  0x00007ffeea1ca800 JavaThread "async-console-appender-1" [_thread_blocked, id=24071, stack(0x0000000190dbc000,0x0000000190ebc000)]
  0x00007ffee905b800 JavaThread "Service Thread" daemon [_thread_blocked, id=23043, stack(0x00000001906c7000,0x00000001907c7000)]
  0x00007ffee905b000 JavaThread "C2 CompilerThread1" daemon [_thread_blocked, id=22531, stack(0x00000001905c4000,0x00000001906c4000)]
  0x00007ffee9049000 JavaThread "C2 CompilerThread0" daemon [_thread_blocked, id=22019, stack(0x00000001904c1000,0x00000001905c1000)]
  0x00007ffee9053000 JavaThread "Signal Dispatcher" daemon [_thread_blocked, id=21507, stack(0x00000001903be000,0x00000001904be000)]
  0x00007ffee9047800 JavaThread "Finalizer" daemon [_thread_blocked, id=16899, stack(0x0000000190182000,0x0000000190282000)]
  0x00007ffee9044800 JavaThread "Reference Handler" daemon [_thread_blocked, id=16387, stack(0x000000019007f000,0x000000019017f000)]

Other Threads:
  0x00007ffee9044000 VMThread [stack: 0x000000018ff7c000,0x000000019007c000] [id=15875]
  0x00007ffee9048000 WatcherThread [stack: 0x00000001907ca000,0x00000001908ca000] [id=23555]

VM state:not at safepoint (normal execution)

VM Mutex/Monitor currently owned by a thread: None

Heap
 PSYoungGen      total 72704K, used 67727K [0x000000015f000000, 0x0000000163c00000, 0x0000000189b00000)
  eden space 67584K, 92% used [0x000000015f000000,0x0000000162d2ba88,0x0000000163200000)
  from space 5120K, 99% used [0x0000000163700000,0x0000000163bf8400,0x0000000163c00000)
  to   space 5120K, 0% used [0x0000000163200000,0x0000000163200000,0x0000000163700000)
 ParOldGen       total 87040K, used 5459K [0x0000000109b00000, 0x000000010f000000, 0x000000015f000000)
  object space 87040K, 6% used [0x0000000109b00000,0x000000010a054c60,0x000000010f000000)
 PSPermGen       total 21504K, used 20446K [0x0000000104900000, 0x0000000105e00000, 0x0000000109b00000)
  object space 21504K, 95% used [0x0000000104900000,0x0000000105cf79c0,0x0000000105e00000)

Card table byte_map: [0x0000000189b00000,0x0000000189f2a000] byte_map_base: 0x00000001892db800

Polling page: 0x0000000101715000

Code Cache  [0x00000001017ab000, 0x0000000101a1b000, 0x00000001047ab000)
 total_blobs=615 nmethods=275 adapters=294 free_code_cache=48139Kb largest_free_block=49217664

Compilation events (10 events):
Event: 1190.176 Thread 0x00007ffee9049000  283             java.util.TaskQueue::isEmpty (13 bytes)
Event: 1190.176 Thread 0x00007ffee9049000 nmethod 283 0x0000000101858dd0 code [0x0000000101858f00, 0x0000000101858f78]
Event: 1648.176 Thread 0x00007ffee905b000  284             java.util.Calendar::getFirstDayOfWeek (5 bytes)
Event: 1648.176 Thread 0x00007ffee9049000  285             java.util.Calendar::getMinimalDaysInFirstWeek (5 bytes)
Event: 1648.176 Thread 0x00007ffee9049000 nmethod 285 0x0000000101858750 code [0x0000000101858880, 0x00000001018588d8]
Event: 1648.176 Thread 0x00007ffee905b000 nmethod 284 0x0000000101829d50 code [0x0000000101829e80, 0x0000000101829ed8]
Event: 1665.176 Thread 0x00007ffee905b000  286             org.eclipse.jetty.util.StringUtil::append2digits (33 bytes)
Event: 1665.178 Thread 0x00007ffee905b000 nmethod 286 0x0000000101895290 code [0x0000000101895400, 0x0000000101895738]
Event: 1668.176 Thread 0x00007ffee9049000  287             java.util.TaskQueue::fixDown (108 bytes)
Event: 1668.180 Thread 0x00007ffee9049000 nmethod 287 0x0000000101829590 code [0x0000000101829700, 0x0000000101829af8]

GC Heap History (4 events):
Event: 0.849 GC heap before
{Heap before GC invocations=1 (full 0):
 PSYoungGen      total 38912K, used 33792K [0x000000015f000000, 0x0000000161b00000, 0x0000000189b00000)
  eden space 33792K, 100% used [0x000000015f000000,0x0000000161100000,0x0000000161100000)
  from space 5120K, 0% used [0x0000000161600000,0x0000000161600000,0x0000000161b00000)
  to   space 5120K, 0% used [0x0000000161100000,0x0000000161100000,0x0000000161600000)
 ParOldGen       total 87040K, used 0K [0x0000000109b00000, 0x000000010f000000, 0x000000015f000000)
  object space 87040K, 0% used [0x0000000109b00000,0x0000000109b00000,0x000000010f000000)
 PSPermGen       total 21504K, used 12671K [0x0000000104900000, 0x0000000105e00000, 0x0000000109b00000)
  object space 21504K, 58% used [0x0000000104900000,0x000000010555fe00,0x0000000105e00000)
Event: 0.858 GC heap after
Heap after GC invocations=1 (full 0):
 PSYoungGen      total 38912K, used 5101K [0x000000015f000000, 0x0000000163c00000, 0x0000000189b00000)
  eden space 33792K, 0% used [0x000000015f000000,0x000000015f000000,0x0000000161100000)
  from space 5120K, 99% used [0x0000000161100000,0x00000001615fb658,0x0000000161600000)
  to   space 5120K, 0% used [0x0000000163700000,0x0000000163700000,0x0000000163c00000)
 ParOldGen       total 87040K, used 2529K [0x0000000109b00000, 0x000000010f000000, 0x000000015f000000)
  object space 87040K, 2% used [0x0000000109b00000,0x0000000109d784c8,0x000000010f000000)
 PSPermGen       total 21504K, used 12671K [0x0000000104900000, 0x0000000105e00000, 0x0000000109b00000)
  object space 21504K, 58% used [0x0000000104900000,0x000000010555fe00,0x0000000105e00000)
}
Event: 1.509 GC heap before
{Heap before GC invocations=2 (full 0):
 PSYoungGen      total 38912K, used 38893K [0x000000015f000000, 0x0000000163c00000, 0x0000000189b00000)
  eden space 33792K, 100% used [0x000000015f000000,0x0000000161100000,0x0000000161100000)
  from space 5120K, 99% used [0x0000000161100000,0x00000001615fb658,0x0000000161600000)
  to   space 5120K, 0% used [0x0000000163700000,0x0000000163700000,0x0000000163c00000)
 ParOldGen       total 87040K, used 2529K [0x0000000109b00000, 0x000000010f000000, 0x000000015f000000)
  object space 87040K, 2% used [0x0000000109b00000,0x0000000109d784c8,0x000000010f000000)
 PSPermGen       total 21504K, used 17951K [0x0000000104900000, 0x0000000105e00000, 0x0000000109b00000)
  object space 21504K, 83% used [0x0000000104900000,0x0000000105a87d18,0x0000000105e00000)
Event: 1.520 GC heap after
Heap after GC invocations=2 (full 0):
 PSYoungGen      total 72704K, used 5089K [0x000000015f000000, 0x0000000163c00000, 0x0000000189b00000)
  eden space 67584K, 0% used [0x000000015f000000,0x000000015f000000,0x0000000163200000)
  from space 5120K, 99% used [0x0000000163700000,0x0000000163bf8400,0x0000000163c00000)
  to   space 5120K, 0% used [0x0000000163200000,0x0000000163200000,0x0000000163700000)
 ParOldGen       total 87040K, used 5459K [0x0000000109b00000, 0x000000010f000000, 0x000000015f000000)
  object space 87040K, 6% used [0x0000000109b00000,0x000000010a054c60,0x000000010f000000)
 PSPermGen       total 21504K, used 17951K [0x0000000104900000, 0x0000000105e00000, 0x0000000109b00000)
  object space 21504K, 83% used [0x0000000104900000,0x0000000105a87d18,0x0000000105e00000)
}

Deoptimization events (10 events):
Event: 1.059 Thread 0x00007ffeea002800 Uncommon trap: reason=unreached action=reinterpret pc=0x0000000101835988 method=java.lang.AbstractStringBuilder.append(Ljava/lang/String;)Ljava/lang/AbstractStringBuilder; @ 1
Event: 1.059 Thread 0x00007ffeea002800 Uncommon trap: reason=unreached action=reinterpret pc=0x0000000101834244 method=java.lang.AbstractStringBuilder.append(Ljava/lang/String;)Ljava/lang/AbstractStringBuilder; @ 1
Event: 1.492 Thread 0x00007ffeea002800 Uncommon trap: reason=unreached action=reinterpret pc=0x0000000101858d34 method=java.lang.Class.searchMethods([Ljava/lang/reflect/Method;Ljava/lang/String;[Ljava/lang/Class;)Ljava/lang/reflect/Method; @ 47
Event: 1.582 Thread 0x00007ffeea002800 Uncommon trap: reason=unreached action=reinterpret pc=0x000000010184375c method=java.lang.reflect.Method.equals(Ljava/lang/Object;)Z @ 49
Event: 1.656 Thread 0x00007ffeea002800 Uncommon trap: reason=null_check action=make_not_entrant pc=0x000000010187a568 method=sun.reflect.Reflection.filterMethods(Ljava/lang/Class;[Ljava/lang/reflect/Method;)[Ljava/lang/reflect/Method; @ 18
Event: 327.175 Thread 0x00007ffeeb0d1800 Uncommon trap: reason=range_check action=make_not_entrant pc=0x000000010188c9c4 method=java.text.SimpleDateFormat.format(Ljava/util/Date;Ljava/lang/StringBuffer;Ljava/text/Format$FieldDelegate;)Ljava/lang/StringBuffer; @ 48
Event: 631.211 Thread 0x00007ffee916d800 Uncommon trap: reason=unreached action=reinterpret pc=0x0000000101887dbc method=org.eclipse.jetty.util.ConcurrentArrayQueue.poll()Ljava/lang/Object; @ 75
Event: 631.365 Thread 0x00007ffeeb256000 Uncommon trap: reason=unreached action=reinterpret pc=0x0000000101890ed8 method=org.eclipse.jetty.util.ConcurrentArrayQueue.poll()Ljava/lang/Object; @ 75
Event: 631.603 Thread 0x00007ffeeb256000 Uncommon trap: reason=unreached action=reinterpret pc=0x0000000101887364 method=org.eclipse.jetty.util.ConcurrentArrayQueue.poll()Ljava/lang/Object; @ 75
Event: 639.094 Thread 0x00007ffeea002800 Uncommon trap: reason=unreached action=reinterpret pc=0x000000010182f3d4 method=sun.misc.URLClassPath$JarLoader.ensureOpen()V @ 4

Internal exceptions (10 events):
Event: 1519.304 Thread 0x00007ffee916d000 Threw 0x00000001616b7698 at /HUDSON/workspace/7u-2-build-macosx-x86_64/jdk7u51/527/hotspot/src/share/vm/prims/jvm.cpp:1244
Event: 1519.305 Thread 0x00007ffee916d000 Threw 0x00000001616bec70 at /HUDSON/workspace/7u-2-build-macosx-x86_64/jdk7u51/527/hotspot/src/share/vm/prims/jvm.cpp:1244
Event: 1519.305 Thread 0x00007ffee916d000 Threw 0x00000001616c5ef0 at /HUDSON/workspace/7u-2-build-macosx-x86_64/jdk7u51/527/hotspot/src/share/vm/prims/jvm.cpp:1244
Event: 1519.305 Thread 0x00007ffee916d000 Threw 0x00000001616c6670 at /HUDSON/workspace/7u-2-build-macosx-x86_64/jdk7u51/527/hotspot/src/share/vm/prims/jvm.cpp:1244
Event: 1519.305 Thread 0x00007ffee916d000 Threw 0x00000001616c91d8 at /HUDSON/workspace/7u-2-build-macosx-x86_64/jdk7u51/527/hotspot/src/share/vm/prims/jvm.cpp:1244
Event: 1519.307 Thread 0x00007ffee916d000 Threw 0x00000001616d1530 at /HUDSON/workspace/7u-2-build-macosx-x86_64/jdk7u51/527/hotspot/src/share/vm/prims/jvm.cpp:1244
Event: 1519.307 Thread 0x00007ffee916d000 Threw 0x00000001616d7e68 at /HUDSON/workspace/7u-2-build-macosx-x86_64/jdk7u51/527/hotspot/src/share/vm/prims/jvm.cpp:1244
Event: 1519.308 Thread 0x00007ffee916d000 Threw 0x00000001616df498 at /HUDSON/workspace/7u-2-build-macosx-x86_64/jdk7u51/527/hotspot/src/share/vm/prims/jvm.cpp:1244
Event: 1702.411 Thread 0x00007ffeeb1b3000 Threw 0x00000001609861b8 at /HUDSON/workspace/7u-2-build-macosx-x86_64/jdk7u51/527/hotspot/src/share/vm/prims/jni.cpp:717
Event: 1702.411 Thread 0x00007ffeea8a5000 Threw 0x0000000162bdb4d0 at /HUDSON/workspace/7u-2-build-macosx-x86_64/jdk7u51/527/hotspot/src/share/vm/prims/jvm.cpp:1244

Events (10 events):
Event: 1702.411 loading class 0x00007ffeeb01d2c0
Event: 1702.411 loading class 0x00007ffeeb01d2c0 done
Event: 1702.411 loading class 0x00007ffeeb01d290 done
Event: 1702.411 Thread 0x00007ffeea8a5000 Thread added: 0x00007ffeea8a5000
Event: 1702.411 Thread 0x00007ffeea839000 Thread added: 0x00007ffeea839000
Event: 1702.411 loading class 0x00007ffeeb0df360
Event: 1702.411 loading class 0x00007ffeeb0df360 done
Event: 1702.411 Thread 0x00007ffeea839000 Thread exited: 0x00007ffeea839000
Event: 1702.411 loading class 0x00007ffee9e172e0
Event: 1702.411 loading class 0x00007ffee9e172e0 done


Dynamic libraries:
0x0000000003eb4000 	/System/Library/Frameworks/Cocoa.framework/Versions/A/Cocoa
0x0000000003eb4000 	/System/Library/Frameworks/Security.framework/Versions/A/Security
0x0000000003eb4000 	/System/Library/Frameworks/ApplicationServices.framework/Versions/A/ApplicationServices
0x0000000003eb4000 	/usr/lib/libz.1.dylib
0x0000000003eb4000 	/usr/lib/libSystem.B.dylib
0x0000000003eb4000 	/usr/lib/libobjc.A.dylib
0x0000000003eb4000 	/System/Library/Frameworks/CoreFoundation.framework/Versions/A/CoreFoundation
0x0000000003eb4000 	/System/Library/Frameworks/Foundation.framework/Versions/C/Foundation
0x0000000003eb4000 	/System/Library/Frameworks/AppKit.framework/Versions/C/AppKit
0x0000000003eb4000 	/System/Library/Frameworks/CoreData.framework/Versions/A/CoreData
0x0000000003eb4000 	/System/Library/PrivateFrameworks/RemoteViewServices.framework/Versions/A/RemoteViewServices
0x0000000003eb4000 	/System/Library/Frameworks/AudioToolbox.framework/Versions/A/AudioToolbox
0x0000000003eb4000 	/System/Library/Frameworks/AudioUnit.framework/Versions/A/AudioUnit
0x0000000003eb4000 	/System/Library/PrivateFrameworks/DataDetectorsCore.framework/Versions/A/DataDetectorsCore
0x0000000003eb4000 	/System/Library/PrivateFrameworks/DesktopServicesPriv.framework/Versions/A/DesktopServicesPriv
0x0000000003eb4000 	/System/Library/Frameworks/Carbon.framework/Versions/A/Frameworks/HIToolbox.framework/Versions/A/HIToolbox
0x0000000003eb4000 	/System/Library/Frameworks/QuartzCore.framework/Versions/A/QuartzCore
0x0000000003eb4000 	/System/Library/Frameworks/Carbon.framework/Versions/A/Frameworks/SpeechRecognition.framework/Versions/A/SpeechRecognition
0x0000000003eb4000 	/usr/lib/libauto.dylib
0x0000000003eb4000 	/usr/lib/libicucore.A.dylib
0x0000000003eb4000 	/usr/lib/libxml2.2.dylib
0x0000000003eb4000 	/System/Library/PrivateFrameworks/CoreUI.framework/Versions/A/CoreUI
0x0000000003eb4000 	/System/Library/Frameworks/CoreAudio.framework/Versions/A/CoreAudio
0x0000000003eb4000 	/System/Library/Frameworks/DiskArbitration.framework/Versions/A/DiskArbitration
0x0000000003eb4000 	/usr/lib/liblangid.dylib
0x0000000003eb4000 	/System/Library/PrivateFrameworks/MultitouchSupport.framework/Versions/A/MultitouchSupport
0x0000000003eb4000 	/System/Library/Frameworks/IOKit.framework/Versions/A/IOKit
0x0000000003eb4000 	/usr/lib/libDiagnosticMessagesClient.dylib
0x0000000003eb4000 	/System/Library/Frameworks/CoreServices.framework/Versions/A/CoreServices
0x0000000003eb4000 	/System/Library/PrivateFrameworks/PerformanceAnalysis.framework/Versions/A/PerformanceAnalysis
0x0000000003eb4000 	/System/Library/PrivateFrameworks/GenerationalStorage.framework/Versions/A/GenerationalStorage
0x0000000003eb4000 	/System/Library/Frameworks/OpenGL.framework/Versions/A/OpenGL
0x0000000003eb4000 	/System/Library/Frameworks/CoreText.framework/Versions/A/CoreText
0x0000000003eb4000 	/System/Library/Frameworks/ImageIO.framework/Versions/A/ImageIO
0x0000000003eb4000 	/System/Library/PrivateFrameworks/Backup.framework/Versions/A/Backup
0x0000000003eb4000 	/System/Library/Frameworks/CFNetwork.framework/Versions/A/CFNetwork
0x0000000003eb4000 	/System/Library/Frameworks/SystemConfiguration.framework/Versions/A/SystemConfiguration
0x0000000003eb4000 	/usr/lib/libCRFSuite.dylib
0x0000000003eb4000 	/System/Library/PrivateFrameworks/TCC.framework/Versions/A/TCC
0x0000000003eb4000 	/usr/lib/libc++.1.dylib
0x0000000003eb4000 	/usr/lib/libc++abi.dylib
0x0000000003eb4000 	/usr/lib/system/libcache.dylib
0x0000000003eb4000 	/usr/lib/system/libcommonCrypto.dylib
0x0000000003eb4000 	/usr/lib/system/libcompiler_rt.dylib
0x0000000003eb4000 	/usr/lib/system/libcopyfile.dylib
0x0000000003eb4000 	/usr/lib/system/libdispatch.dylib
0x0000000003eb4000 	/usr/lib/system/libdnsinfo.dylib
0x0000000003eb4000 	/usr/lib/system/libdyld.dylib
0x0000000003eb4000 	/usr/lib/system/libkeymgr.dylib
0x0000000003eb4000 	/usr/lib/system/liblaunch.dylib
0x0000000003eb4000 	/usr/lib/system/libmacho.dylib
0x0000000003eb4000 	/usr/lib/system/libquarantine.dylib
0x0000000003eb4000 	/usr/lib/system/libremovefile.dylib
0x0000000003eb4000 	/usr/lib/system/libsystem_blocks.dylib
0x0000000003eb4000 	/usr/lib/system/libsystem_c.dylib
0x0000000003eb4000 	/usr/lib/system/libsystem_dnssd.dylib
0x0000000003eb4000 	/usr/lib/system/libsystem_info.dylib
0x0000000003eb4000 	/usr/lib/system/libsystem_kernel.dylib
0x0000000003eb4000 	/usr/lib/system/libsystem_m.dylib
0x0000000003eb4000 	/usr/lib/system/libsystem_network.dylib
0x0000000003eb4000 	/usr/lib/system/libsystem_notify.dylib
0x0000000003eb4000 	/usr/lib/system/libsystem_sandbox.dylib
0x0000000003eb4000 	/usr/lib/system/libunc.dylib
0x0000000003eb4000 	/usr/lib/system/libunwind.dylib
0x0000000003eb4000 	/usr/lib/system/libxpc.dylib
0x0000000003eb4000 	/usr/lib/system/libcorecrypto.dylib
0x0000000003eb4000 	/usr/lib/libstdc++.6.dylib
0x0000000003eb4000 	/usr/lib/libbsm.0.dylib
0x0000000003eb4000 	/usr/lib/libsqlite3.dylib
0x0000000003eb4000 	/usr/lib/libxar.1.dylib
0x0000000003eb4000 	/usr/lib/libpam.2.dylib
0x0000000003eb4000 	/usr/lib/libOpenScriptingUtil.dylib
0x0000000003eb4000 	/usr/lib/libbz2.1.0.dylib
0x0000000003eb4000 	/System/Library/Frameworks/CoreServices.framework/Versions/A/Frameworks/CarbonCore.framework/Versions/A/CarbonCore
0x0000000003eb4000 	/System/Library/Frameworks/CoreServices.framework/Versions/A/Frameworks/Metadata.framework/Versions/A/Metadata
0x0000000003eb4000 	/System/Library/Frameworks/CoreServices.framework/Versions/A/Frameworks/OSServices.framework/Versions/A/OSServices
0x0000000003eb4000 	/System/Library/Frameworks/CoreServices.framework/Versions/A/Frameworks/SearchKit.framework/Versions/A/SearchKit
0x0000000003eb4000 	/System/Library/Frameworks/CoreServices.framework/Versions/A/Frameworks/AE.framework/Versions/A/AE
0x0000000003eb4000 	/System/Library/Frameworks/CoreServices.framework/Versions/A/Frameworks/LaunchServices.framework/Versions/A/LaunchServices
0x0000000003eb4000 	/System/Library/Frameworks/CoreServices.framework/Versions/A/Frameworks/DictionaryServices.framework/Versions/A/DictionaryServices
0x0000000003eb4000 	/System/Library/Frameworks/NetFS.framework/Versions/A/NetFS
0x0000000003eb4000 	/usr/lib/system/libkxld.dylib
0x0000000003eb4000 	/System/Library/PrivateFrameworks/NetAuth.framework/Versions/A/NetAuth
0x0000000003eb4000 	/System/Library/Frameworks/OpenDirectory.framework/Versions/A/Frameworks/CFOpenDirectory.framework/Versions/A/CFOpenDirectory
0x0000000003eb4000 	/usr/lib/libxslt.1.dylib
0x0000000003eb4000 	/System/Library/PrivateFrameworks/FamilyControls.framework/Versions/A/FamilyControls
0x0000000003eb4000 	/System/Library/Frameworks/Carbon.framework/Versions/A/Frameworks/Ink.framework/Versions/A/Ink
0x0000000003eb4000 	/System/Library/Frameworks/ApplicationServices.framework/Versions/A/Frameworks/CoreGraphics.framework/Versions/A/CoreGraphics
0x0000000003eb4000 	/System/Library/Frameworks/ApplicationServices.framework/Versions/A/Frameworks/ATS.framework/Versions/A/ATS
0x0000000003eb4000 	/System/Library/Frameworks/ApplicationServices.framework/Versions/A/Frameworks/ColorSync.framework/Versions/A/ColorSync
0x0000000003eb4000 	/System/Library/Frameworks/ApplicationServices.framework/Versions/A/Frameworks/HIServices.framework/Versions/A/HIServices
0x0000000003eb4000 	/System/Library/Frameworks/ApplicationServices.framework/Versions/A/Frameworks/LangAnalysis.framework/Versions/A/LangAnalysis
0x0000000003eb4000 	/System/Library/Frameworks/ApplicationServices.framework/Versions/A/Frameworks/PrintCore.framework/Versions/A/PrintCore
0x0000000003eb4000 	/System/Library/Frameworks/ApplicationServices.framework/Versions/A/Frameworks/QD.framework/Versions/A/QD
0x0000000003eb4000 	/System/Library/Frameworks/ApplicationServices.framework/Versions/A/Frameworks/SpeechSynthesis.framework/Versions/A/SpeechSynthesis
0x0000000003eb4000 	/System/Library/Frameworks/IOSurface.framework/Versions/A/IOSurface
0x0000000003eb4000 	/System/Library/Frameworks/Accelerate.framework/Versions/A/Accelerate
0x0000000003eb4000 	/System/Library/Frameworks/ApplicationServices.framework/Versions/A/Frameworks/ATS.framework/Versions/A/Resources/libFontParser.dylib
0x0000000003eb4000 	/System/Library/Frameworks/ApplicationServices.framework/Versions/A/Frameworks/ATS.framework/Versions/A/Resources/libFontRegistry.dylib
0x0000000003eb4000 	/System/Library/Frameworks/Accelerate.framework/Versions/A/Frameworks/vImage.framework/Versions/A/vImage
0x0000000003eb4000 	/System/Library/Frameworks/Accelerate.framework/Versions/A/Frameworks/vecLib.framework/Versions/A/vecLib
0x0000000003eb4000 	/System/Library/Frameworks/Accelerate.framework/Versions/A/Frameworks/vecLib.framework/Versions/A/libvDSP.dylib
0x0000000003eb4000 	/System/Library/Frameworks/Accelerate.framework/Versions/A/Frameworks/vecLib.framework/Versions/A/libvMisc.dylib
0x0000000003eb4000 	/System/Library/Frameworks/Accelerate.framework/Versions/A/Frameworks/vecLib.framework/Versions/A/libLAPACK.dylib
0x0000000003eb4000 	/System/Library/Frameworks/Accelerate.framework/Versions/A/Frameworks/vecLib.framework/Versions/A/libBLAS.dylib
0x0000000003eb4000 	/System/Library/Frameworks/ImageIO.framework/Versions/A/Resources/libJPEG.dylib
0x0000000003eb4000 	/System/Library/Frameworks/ImageIO.framework/Versions/A/Resources/libTIFF.dylib
0x0000000003eb4000 	/System/Library/Frameworks/ImageIO.framework/Versions/A/Resources/libPng.dylib
0x0000000003eb4000 	/System/Library/Frameworks/ImageIO.framework/Versions/A/Resources/libGIF.dylib
0x0000000003eb4000 	/System/Library/Frameworks/ImageIO.framework/Versions/A/Resources/libJP2.dylib
0x0000000003eb4000 	/System/Library/Frameworks/ImageIO.framework/Versions/A/Resources/libRadiance.dylib
0x0000000003eb4000 	/usr/lib/libcups.2.dylib
0x0000000003eb4000 	/System/Library/Frameworks/Kerberos.framework/Versions/A/Kerberos
0x0000000003eb4000 	/System/Library/Frameworks/GSS.framework/Versions/A/GSS
0x0000000003eb4000 	/usr/lib/libresolv.9.dylib
0x0000000003eb4000 	/usr/lib/libiconv.2.dylib
0x0000000003eb4000 	/System/Library/PrivateFrameworks/Heimdal.framework/Versions/A/Heimdal
0x0000000003eb4000 	/System/Library/PrivateFrameworks/TrustEvaluationAgent.framework/Versions/A/TrustEvaluationAgent
0x0000000003eb4000 	/System/Library/Frameworks/OpenDirectory.framework/Versions/A/OpenDirectory
0x0000000003eb4000 	/System/Library/PrivateFrameworks/CommonAuth.framework/Versions/A/CommonAuth
0x0000000003eb4000 	/System/Library/PrivateFrameworks/Bom.framework/Versions/A/Bom
0x0000000003eb4000 	/System/Library/Frameworks/CoreVideo.framework/Versions/A/CoreVideo
0x0000000003eb4000 	/System/Library/Frameworks/QuartzCore.framework/Versions/A/Frameworks/CoreImage.framework/Versions/A/CoreImage
0x0000000003eb4000 	/System/Library/Frameworks/QuartzCore.framework/Versions/A/Frameworks/ScalableUserInterface.framework/Versions/A/ScalableUserInterface
0x0000000003eb4000 	/System/Library/Frameworks/OpenGL.framework/Versions/A/Libraries/libGLU.dylib
0x0000000003eb4000 	/System/Library/Frameworks/OpenGL.framework/Versions/A/Libraries/libGFXShared.dylib
0x0000000003eb4000 	/System/Library/Frameworks/OpenGL.framework/Versions/A/Libraries/libGL.dylib
0x0000000003eb4000 	/System/Library/Frameworks/OpenGL.framework/Versions/A/Libraries/libGLImage.dylib
0x0000000003eb4000 	/System/Library/Frameworks/OpenGL.framework/Versions/A/Libraries/libCVMSPluginSupport.dylib
0x0000000003eb4000 	/System/Library/Frameworks/OpenGL.framework/Versions/A/Libraries/libCoreVMClient.dylib
0x0000000003eb4000 	/System/Library/PrivateFrameworks/CrashReporterSupport.framework/Versions/A/CrashReporterSupport
0x0000000003eb4000 	/System/Library/Frameworks/OpenCL.framework/Versions/A/OpenCL
0x0000000003eb4000 	/System/Library/PrivateFrameworks/FaceCoreLight.framework/Versions/A/FaceCoreLight
0x0000000003eb4000 	/System/Library/PrivateFrameworks/AppleFSCompression.framework/Versions/A/AppleFSCompression
0x0000000003eb4000 	/System/Library/PrivateFrameworks/Ubiquity.framework/Versions/A/Ubiquity
0x0000000003eb4000 	/System/Library/Frameworks/ServiceManagement.framework/Versions/A/ServiceManagement
0x0000000003eb4000 	/System/Library/PrivateFrameworks/ChunkingLibrary.framework/Versions/A/ChunkingLibrary
0x0000000003eb4000 	/System/Library/Frameworks/vecLib.framework/Versions/A/vecLib
0x0000000003eb4000 	/System/Library/Frameworks/SecurityFoundation.framework/Versions/A/SecurityFoundation
0x0000000003eb4000 	/System/Library/PrivateFrameworks/CommerceKit.framework/Versions/A/Frameworks/CommerceCore.framework/Versions/A/CommerceCore
0x0000000003eb4000 	/System/Library/PrivateFrameworks/CoreSymbolication.framework/Versions/A/CoreSymbolication
0x0000000003eb4000 	/System/Library/PrivateFrameworks/Symbolication.framework/Versions/A/Symbolication
0x0000000003eb4000 	/System/Library/PrivateFrameworks/DebugSymbols.framework/Versions/A/DebugSymbols
0x0000000100b82000 	/Library/Java/JavaVirtualMachines/jdk1.7.0_51.jdk/Contents/Home/jre/lib/server/libjvm.dylib
0x00000001016d8000 	/Library/Java/JavaVirtualMachines/jdk1.7.0_51.jdk/Contents/Home/jre/lib/libverify.dylib
0x00000001016e5000 	/Library/Java/JavaVirtualMachines/jdk1.7.0_51.jdk/Contents/Home/jre/lib/libjava.dylib
0x00000001017a2000 	/Library/Java/JavaVirtualMachines/jdk1.7.0_51.jdk/Contents/Home/jre/lib/libzip.dylib
0x0000000190284000 	/System/Library/Frameworks/JavaVM.framework/Frameworks/JavaRuntimeSupport.framework/JavaRuntimeSupport
0x000000010486b000 	/System/Library/Frameworks/JavaVM.framework/Versions/A/Frameworks/JavaNativeFoundation.framework/Versions/A/JavaNativeFoundation
0x000000019029c000 	/System/Library/Frameworks/JavaVM.framework/Versions/A/JavaVM
0x0000000003eb4000 	/System/Library/Frameworks/Carbon.framework/Versions/A/Carbon
0x00000001902a9000 	/System/Library/PrivateFrameworks/JavaLaunching.framework/Versions/A/JavaLaunching
0x0000000003eb4000 	/System/Library/Frameworks/Carbon.framework/Versions/A/Frameworks/CommonPanels.framework/Versions/A/CommonPanels
0x0000000003eb4000 	/System/Library/Frameworks/Carbon.framework/Versions/A/Frameworks/Help.framework/Versions/A/Help
0x0000000003eb4000 	/System/Library/Frameworks/Carbon.framework/Versions/A/Frameworks/ImageCapture.framework/Versions/A/ImageCapture
0x0000000003eb4000 	/System/Library/Frameworks/Carbon.framework/Versions/A/Frameworks/OpenScripting.framework/Versions/A/OpenScripting
0x0000000003eb4000 	/System/Library/Frameworks/Carbon.framework/Versions/A/Frameworks/Print.framework/Versions/A/Print
0x0000000003eb4000 	/System/Library/Frameworks/Carbon.framework/Versions/A/Frameworks/SecurityHI.framework/Versions/A/SecurityHI
0x00000001909d3000 	/Library/Java/JavaVirtualMachines/jdk1.7.0_51.jdk/Contents/Home/jre/lib/libnet.dylib
0x0000000190a52000 	/Library/Java/JavaVirtualMachines/jdk1.7.0_51.jdk/Contents/Home/jre/lib/libnio.dylib
0x0000000190d26000 	/Library/Java/JavaVirtualMachines/jdk1.7.0_51.jdk/Contents/Home/jre/lib/libmanagement.dylib

VM Arguments:
java_command: target/loganalyzer-0.0.1-SNAPSHOT.jar server configuration.yml
Launcher Type: SUN_STANDARD

Environment Variables:
PATH=/opt/local/bin:/opt/local/sbin:/usr/bin:/bin:/usr/sbin:/sbin:/usr/local/bin:/usr/local/git/bin
SHELL=/bin/bash

Signal Handlers:
SIGSEGV: [libjvm.dylib+0x525425], sa_mask[0]=0xfffefeff, sa_flags=0x00000043
SIGBUS: [libjvm.dylib+0x525425], sa_mask[0]=0xfffefeff, sa_flags=0x00000042
SIGFPE: [libjvm.dylib+0x41892a], sa_mask[0]=0xfffefeff, sa_flags=0x00000042
SIGPIPE: [libjvm.dylib+0x41892a], sa_mask[0]=0xfffefeff, sa_flags=0x00000042
SIGXFSZ: [libjvm.dylib+0x41892a], sa_mask[0]=0xfffefeff, sa_flags=0x00000042
SIGILL: [libjvm.dylib+0x41892a], sa_mask[0]=0xfffefeff, sa_flags=0x00000042
SIGUSR1: SIG_DFL, sa_mask[0]=0x63807efb, sa_flags=0x00000000
SIGUSR2: [libjvm.dylib+0x41841c], sa_mask[0]=0x00000000, sa_flags=0x00000042
SIGHUP: [libjvm.dylib+0x4166ab], sa_mask[0]=0xfffefeff, sa_flags=0x00000042
SIGINT: [libjvm.dylib+0x4166ab], sa_mask[0]=0xfffefeff, sa_flags=0x00000042
SIGTERM: [libjvm.dylib+0x4166ab], sa_mask[0]=0xfffefeff, sa_flags=0x00000042
SIGQUIT: [libjvm.dylib+0x4166ab], sa_mask[0]=0xfffefeff, sa_flags=0x00000042


---------------  S Y S T E M  ---------------

OS:Bsduname:Darwin 12.5.0 Darwin Kernel Version 12.5.0: Sun Sep 29 13:33:47 PDT 2013; root:xnu-2050.48.12~1/RELEASE_X86_64 x86_64
rlimit: STACK 8192k, CORE 0k, NPROC 709, NOFILE 10240, AS infinity
load average:2.52 2.51 2.49

CPU:total 4 (4 cores per cpu, 1 threads per core) family 6 model 42 stepping 7, cmov, cx8, fxsr, mmx, sse, sse2, sse3, ssse3, sse4.1, sse4.2, popcnt, avx, aes, tsc, tscinvbit

Memory: 4k page, physical 8388608k(2097152k free)

/proc/meminfo:


vm_info: Java HotSpot(TM) 64-Bit Server VM (24.51-b03) for bsd-amd64 JRE (1.7.0_51-b13), built on Dec 18 2013 18:45:56 by "java_re" with gcc 4.2.1 (Based on Apple Inc. build 5658) (LLVM build 2336.11.00)

time: Sat Mar 29 14:52:10 2014
elapsed time: 1702 seconds

